--------------- Clean Started: 03/10/2018 18:45:16 Project: SCB_I2cCommMaster01, Configuration: ARM GCC 5.4-2016-q2-update Debug ---------------
Deleting file ".\CortexM0\ARM_GCC_541\Debug\main.o"
Deleting file ".\CortexM0\ARM_GCC_541\Debug\cyfitter_cfg.o"
Deleting file ".\CortexM0\ARM_GCC_541\Debug\cymetadata.o"
Deleting file ".\CortexM0\ARM_GCC_541\Debug\I2CM.o"
Deleting file ".\CortexM0\ARM_GCC_541\Debug\I2CM_I2C_INT.o"
Deleting file ".\CortexM0\ARM_GCC_541\Debug\I2CM_I2C.o"
Deleting file ".\CortexM0\ARM_GCC_541\Debug\I2CM_I2C_BOOT.o"
Deleting file ".\CortexM0\ARM_GCC_541\Debug\I2CM_I2C_MASTER.o"
Deleting file ".\CortexM0\ARM_GCC_541\Debug\I2CM_PM.o"
Deleting file ".\CortexM0\ARM_GCC_541\Debug\I2CM_BOOT.o"
Deleting file ".\CortexM0\ARM_GCC_541\Debug\LED_RED.o"
Deleting file ".\CortexM0\ARM_GCC_541\Debug\LED_RED_PM.o"
Deleting file ".\CortexM0\ARM_GCC_541\Debug\LED_GREEN.o"
Deleting file ".\CortexM0\ARM_GCC_541\Debug\LED_GREEN_PM.o"
Deleting file ".\CortexM0\ARM_GCC_541\Debug\StripLights_1.o"
Deleting file ".\CortexM0\ARM_GCC_541\Debug\StripLights_1_fonts.o"
Deleting file ".\CortexM0\ARM_GCC_541\Debug\LED_Pin.o"
Deleting file ".\CortexM0\ARM_GCC_541\Debug\LED_Pin_PM.o"
Deleting file ".\CortexM0\ARM_GCC_541\Debug\I2CM_SCBCLK.o"
Deleting file ".\CortexM0\ARM_GCC_541\Debug\I2CM_sda.o"
Deleting file ".\CortexM0\ARM_GCC_541\Debug\I2CM_sda_PM.o"
Deleting file ".\CortexM0\ARM_GCC_541\Debug\I2CM_scl.o"
Deleting file ".\CortexM0\ARM_GCC_541\Debug\I2CM_scl_PM.o"
Deleting file ".\CortexM0\ARM_GCC_541\Debug\I2CM_SCB_IRQ.o"
Deleting file ".\CortexM0\ARM_GCC_541\Debug\StripLights_1_HFCLK.o"
Deleting file ".\CortexM0\ARM_GCC_541\Debug\StripLights_1_cisr.o"
Deleting file ".\CortexM0\ARM_GCC_541\Debug\StripLights_1_fisr.o"
Deleting file ".\CortexM0\ARM_GCC_541\Debug\StripLights_1_StringSel.o"
Deleting file ".\CortexM0\ARM_GCC_541\Debug\StripLights_1_StringSel_PM.o"
Deleting file ".\CortexM0\ARM_GCC_541\Debug\Cm0Start.o"
Deleting file ".\CortexM0\ARM_GCC_541\Debug\CyFlash.o"
Deleting file ".\CortexM0\ARM_GCC_541\Debug\CyLib.o"
Deleting file ".\CortexM0\ARM_GCC_541\Debug\cyPm.o"
Deleting file ".\CortexM0\ARM_GCC_541\Debug\cyutils.o"
Deleting file ".\CortexM0\ARM_GCC_541\Debug\CyBootAsmGnu.o"
Deleting file ".\CortexM0\ARM_GCC_541\Debug\CyLFClk.o"
Deleting file ".\CortexM0\ARM_GCC_541\Debug\SCB_I2cCommMaster01.hex"
Deleting file ".\CortexM0\ARM_GCC_541\Debug\SCB_I2cCommMaster01.elf"
Deleting file ".\CortexM0\ARM_GCC_541\Debug\SCB_I2cCommMaster01.map"
Deleting file ".\SCB_I2cCommMaster01.cycdx"
Deleting file ".\SCB_I2cCommMaster01.svd"
Deleting file ".\SCB_I2cCommMaster01.rpt"
Deleting file ".\SCB_I2cCommMaster01_timing.html"
Deleting file ".\CortexM0\ARM_GCC_541\Debug\.deps\SOURCE_C__ARM_GCC_GENERIC.P"
Deleting file ".\CortexM0\ARM_GCC_541\Debug\.deps\SOURCE_ASM__ARM_GCC_GENERIC.P"
--------------- Clean Succeeded: 03/10/2018 18:45:17 ---------------
