--------------- Rebuild Started: 04/28/2018 12:22:30 Project: SCB_I2cCommMaster01, Configuration: ARM GCC 5.4-2016-q2-update Debug ---------------
Deleting file ".\CortexM0\ARM_GCC_541\Debug\main.o"
Deleting file ".\CortexM0\ARM_GCC_541\Debug\cyfitter_cfg.o"
Deleting file ".\CortexM0\ARM_GCC_541\Debug\cymetadata.o"
Deleting file ".\CortexM0\ARM_GCC_541\Debug\I2CM.o"
Deleting file ".\CortexM0\ARM_GCC_541\Debug\I2CM_I2C_INT.o"
Deleting file ".\CortexM0\ARM_GCC_541\Debug\I2CM_I2C.o"
Deleting file ".\CortexM0\ARM_GCC_541\Debug\I2CM_I2C_BOOT.o"
Deleting file ".\CortexM0\ARM_GCC_541\Debug\I2CM_I2C_MASTER.o"
Deleting file ".\CortexM0\ARM_GCC_541\Debug\I2CM_PM.o"
Deleting file ".\CortexM0\ARM_GCC_541\Debug\I2CM_BOOT.o"
Deleting file ".\CortexM0\ARM_GCC_541\Debug\LED_RED.o"
Deleting file ".\CortexM0\ARM_GCC_541\Debug\LED_RED_PM.o"
Deleting file ".\CortexM0\ARM_GCC_541\Debug\LED_GREEN.o"
Deleting file ".\CortexM0\ARM_GCC_541\Debug\LED_GREEN_PM.o"
Deleting file ".\CortexM0\ARM_GCC_541\Debug\I2CM_SCBCLK.o"
Deleting file ".\CortexM0\ARM_GCC_541\Debug\I2CM_sda.o"
Deleting file ".\CortexM0\ARM_GCC_541\Debug\I2CM_sda_PM.o"
Deleting file ".\CortexM0\ARM_GCC_541\Debug\I2CM_scl.o"
Deleting file ".\CortexM0\ARM_GCC_541\Debug\I2CM_scl_PM.o"
Deleting file ".\CortexM0\ARM_GCC_541\Debug\I2CM_SCB_IRQ.o"
Deleting file ".\CortexM0\ARM_GCC_541\Debug\Cm0Start.o"
Deleting file ".\CortexM0\ARM_GCC_541\Debug\CyFlash.o"
Deleting file ".\CortexM0\ARM_GCC_541\Debug\CyLib.o"
Deleting file ".\CortexM0\ARM_GCC_541\Debug\cyPm.o"
Deleting file ".\CortexM0\ARM_GCC_541\Debug\cyutils.o"
Deleting file ".\CortexM0\ARM_GCC_541\Debug\CyBootAsmGnu.o"
Deleting file ".\CortexM0\ARM_GCC_541\Debug\CyLFClk.o"
Deleting file ".\CortexM0\ARM_GCC_541\Debug\StripLights.o"
Deleting file ".\CortexM0\ARM_GCC_541\Debug\StripLights_fonts.o"
Deleting file ".\CortexM0\ARM_GCC_541\Debug\LED_0.o"
Deleting file ".\CortexM0\ARM_GCC_541\Debug\LED_0_PM.o"
Deleting file ".\CortexM0\ARM_GCC_541\Debug\LED_1.o"
Deleting file ".\CortexM0\ARM_GCC_541\Debug\LED_1_PM.o"
Deleting file ".\CortexM0\ARM_GCC_541\Debug\LED_2.o"
Deleting file ".\CortexM0\ARM_GCC_541\Debug\LED_2_PM.o"
Deleting file ".\CortexM0\ARM_GCC_541\Debug\StripLights_HFCLK.o"
Deleting file ".\CortexM0\ARM_GCC_541\Debug\StripLights_cisr.o"
Deleting file ".\CortexM0\ARM_GCC_541\Debug\StripLights_fisr.o"
Deleting file ".\CortexM0\ARM_GCC_541\Debug\StripLights_StringSel.o"
Deleting file ".\CortexM0\ARM_GCC_541\Debug\StripLights_StringSel_PM.o"
Deleting file ".\CortexM0\ARM_GCC_541\Debug\cy_em_eeprom.o"
Deleting file ".\CortexM0\ARM_GCC_541\Debug\SCB_I2cCommMaster01.hex"
Deleting file ".\CortexM0\ARM_GCC_541\Debug\SCB_I2cCommMaster01.elf"
Deleting file ".\CortexM0\ARM_GCC_541\Debug\SCB_I2cCommMaster01.map"
Deleting file ".\SCB_I2cCommMaster01.cycdx"
Deleting file ".\SCB_I2cCommMaster01.svd"
Deleting file ".\SCB_I2cCommMaster01.rpt"
Deleting file ".\SCB_I2cCommMaster01_timing.html"
Deleting file ".\CortexM0\ARM_GCC_541\Debug\.deps\SOURCE_C__ARM_GCC_GENERIC.P"
Deleting file ".\CortexM0\ARM_GCC_541\Debug\.deps\SOURCE_ASM__ARM_GCC_GENERIC.P"
cydsfit.exe -.appdatapath "C:\Users\willy\AppData\Local\Cypress Semiconductor\PSoC Creator\4.1" -.fdsnotice -.fdswarpdepfile=warp_dependencies.txt -.fdselabdepfile=elab_dependencies.txt -.fdsbldfile=generated_files.txt -.fdsreffile=referenced_files.txt -p "C:\Users\willy\Documents\#UC Davis#\EEC 198 GAMECUBE\PSoC_4\PSoC_4_MasterCom\SCB_I2cCommMaster01.cydsn\SCB_I2cCommMaster01.cyprj" -d CY8C4245AXI-483 -s "C:\Users\willy\Documents\#UC Davis#\EEC 198 GAMECUBE\PSoC_4\PSoC_4_MasterCom\SCB_I2cCommMaster01.cydsn\Generated_Source\PSoC4" -- -yv2 -q10 -ygs -o2 -v3 -.fftcfgtype=LE
Elaborating Design...
HDL Generation...
Synthesis...
Tech Mapping...
Info: mpr.M0053: Information from the design wide resources Pin Editor has overridden the control file entry for "\I2CM:sda(0)\". (App=cydsfit)
Info: mpr.M0053: Information from the design wide resources Pin Editor has overridden the control file entry for "\I2CM:scl(0)\". (App=cydsfit)
Analog Placement...
Analog Routing...
Analog Code Generation...
Digital Placement...
Digital Routing...
Bitstream Generation...
Bitstream Verification...
Static timing analysis...
API Generation...
Dependency Generation...
Cleanup...
arm-none-eabi-gcc.exe -mcpu=cortex-m0 -mthumb -I. -IGenerated_Source\PSoC4 -Wa,-alh=.\CortexM0\ARM_GCC_541\Debug/main.lst -g -D DEBUG -Wall -ffunction-sections -ffat-lto-objects -O0 -c main.c -o .\CortexM0\ARM_GCC_541\Debug\main.o
arm-none-eabi-gcc.exe -mcpu=cortex-m0 -mthumb -I. -IGenerated_Source\PSoC4 -Wa,-alh=.\CortexM0\ARM_GCC_541\Debug/cyfitter_cfg.lst -g -D DEBUG -Wall -ffunction-sections -ffat-lto-objects -O0 -c Generated_Source\PSoC4\cyfitter_cfg.c -o .\CortexM0\ARM_GCC_541\Debug\cyfitter_cfg.o
arm-none-eabi-gcc.exe -mcpu=cortex-m0 -mthumb -I. -IGenerated_Source\PSoC4 -Wa,-alh=.\CortexM0\ARM_GCC_541\Debug/cymetadata.lst -g -D DEBUG -Wall -ffunction-sections -ffat-lto-objects -O0 -c Generated_Source\PSoC4\cymetadata.c -o .\CortexM0\ARM_GCC_541\Debug\cymetadata.o
arm-none-eabi-gcc.exe -mcpu=cortex-m0 -mthumb -I. -IGenerated_Source\PSoC4 -Wa,-alh=.\CortexM0\ARM_GCC_541\Debug/I2CM.lst -g -D DEBUG -Wall -ffunction-sections -ffat-lto-objects -O0 -c Generated_Source\PSoC4\I2CM.c -o .\CortexM0\ARM_GCC_541\Debug\I2CM.o
arm-none-eabi-gcc.exe -mcpu=cortex-m0 -mthumb -I. -IGenerated_Source\PSoC4 -Wa,-alh=.\CortexM0\ARM_GCC_541\Debug/I2CM_I2C_INT.lst -g -D DEBUG -Wall -ffunction-sections -ffat-lto-objects -O0 -c Generated_Source\PSoC4\I2CM_I2C_INT.c -o .\CortexM0\ARM_GCC_541\Debug\I2CM_I2C_INT.o
arm-none-eabi-gcc.exe -mcpu=cortex-m0 -mthumb -I. -IGenerated_Source\PSoC4 -Wa,-alh=.\CortexM0\ARM_GCC_541\Debug/I2CM_I2C.lst -g -D DEBUG -Wall -ffunction-sections -ffat-lto-objects -O0 -c Generated_Source\PSoC4\I2CM_I2C.c -o .\CortexM0\ARM_GCC_541\Debug\I2CM_I2C.o
arm-none-eabi-gcc.exe -mcpu=cortex-m0 -mthumb -I. -IGenerated_Source\PSoC4 -Wa,-alh=.\CortexM0\ARM_GCC_541\Debug/I2CM_I2C_BOOT.lst -g -D DEBUG -Wall -ffunction-sections -ffat-lto-objects -O0 -c Generated_Source\PSoC4\I2CM_I2C_BOOT.c -o .\CortexM0\ARM_GCC_541\Debug\I2CM_I2C_BOOT.o
arm-none-eabi-gcc.exe -mcpu=cortex-m0 -mthumb -I. -IGenerated_Source\PSoC4 -Wa,-alh=.\CortexM0\ARM_GCC_541\Debug/I2CM_I2C_MASTER.lst -g -D DEBUG -Wall -ffunction-sections -ffat-lto-objects -O0 -c Generated_Source\PSoC4\I2CM_I2C_MASTER.c -o .\CortexM0\ARM_GCC_541\Debug\I2CM_I2C_MASTER.o
arm-none-eabi-gcc.exe -mcpu=cortex-m0 -mthumb -I. -IGenerated_Source\PSoC4 -Wa,-alh=.\CortexM0\ARM_GCC_541\Debug/I2CM_PM.lst -g -D DEBUG -Wall -ffunction-sections -ffat-lto-objects -O0 -c Generated_Source\PSoC4\I2CM_PM.c -o .\CortexM0\ARM_GCC_541\Debug\I2CM_PM.o
arm-none-eabi-gcc.exe -mcpu=cortex-m0 -mthumb -I. -IGenerated_Source\PSoC4 -Wa,-alh=.\CortexM0\ARM_GCC_541\Debug/I2CM_BOOT.lst -g -D DEBUG -Wall -ffunction-sections -ffat-lto-objects -O0 -c Generated_Source\PSoC4\I2CM_BOOT.c -o .\CortexM0\ARM_GCC_541\Debug\I2CM_BOOT.o
arm-none-eabi-gcc.exe -mcpu=cortex-m0 -mthumb -I. -IGenerated_Source\PSoC4 -Wa,-alh=.\CortexM0\ARM_GCC_541\Debug/LED_RED.lst -g -D DEBUG -Wall -ffunction-sections -ffat-lto-objects -O0 -c Generated_Source\PSoC4\LED_RED.c -o .\CortexM0\ARM_GCC_541\Debug\LED_RED.o
arm-none-eabi-gcc.exe -mcpu=cortex-m0 -mthumb -I. -IGenerated_Source\PSoC4 -Wa,-alh=.\CortexM0\ARM_GCC_541\Debug/LED_RED_PM.lst -g -D DEBUG -Wall -ffunction-sections -ffat-lto-objects -O0 -c Generated_Source\PSoC4\LED_RED_PM.c -o .\CortexM0\ARM_GCC_541\Debug\LED_RED_PM.o
arm-none-eabi-gcc.exe -mcpu=cortex-m0 -mthumb -I. -IGenerated_Source\PSoC4 -Wa,-alh=.\CortexM0\ARM_GCC_541\Debug/LED_GREEN.lst -g -D DEBUG -Wall -ffunction-sections -ffat-lto-objects -O0 -c Generated_Source\PSoC4\LED_GREEN.c -o .\CortexM0\ARM_GCC_541\Debug\LED_GREEN.o
arm-none-eabi-gcc.exe -mcpu=cortex-m0 -mthumb -I. -IGenerated_Source\PSoC4 -Wa,-alh=.\CortexM0\ARM_GCC_541\Debug/LED_GREEN_PM.lst -g -D DEBUG -Wall -ffunction-sections -ffat-lto-objects -O0 -c Generated_Source\PSoC4\LED_GREEN_PM.c -o .\CortexM0\ARM_GCC_541\Debug\LED_GREEN_PM.o
arm-none-eabi-gcc.exe -mcpu=cortex-m0 -mthumb -I. -IGenerated_Source\PSoC4 -Wa,-alh=.\CortexM0\ARM_GCC_541\Debug/I2CM_SCBCLK.lst -g -D DEBUG -Wall -ffunction-sections -ffat-lto-objects -O0 -c Generated_Source\PSoC4\I2CM_SCBCLK.c -o .\CortexM0\ARM_GCC_541\Debug\I2CM_SCBCLK.o
arm-none-eabi-gcc.exe -mcpu=cortex-m0 -mthumb -I. -IGenerated_Source\PSoC4 -Wa,-alh=.\CortexM0\ARM_GCC_541\Debug/I2CM_sda.lst -g -D DEBUG -Wall -ffunction-sections -ffat-lto-objects -O0 -c Generated_Source\PSoC4\I2CM_sda.c -o .\CortexM0\ARM_GCC_541\Debug\I2CM_sda.o
arm-none-eabi-gcc.exe -mcpu=cortex-m0 -mthumb -I. -IGenerated_Source\PSoC4 -Wa,-alh=.\CortexM0\ARM_GCC_541\Debug/I2CM_sda_PM.lst -g -D DEBUG -Wall -ffunction-sections -ffat-lto-objects -O0 -c Generated_Source\PSoC4\I2CM_sda_PM.c -o .\CortexM0\ARM_GCC_541\Debug\I2CM_sda_PM.o
arm-none-eabi-gcc.exe -mcpu=cortex-m0 -mthumb -I. -IGenerated_Source\PSoC4 -Wa,-alh=.\CortexM0\ARM_GCC_541\Debug/I2CM_scl.lst -g -D DEBUG -Wall -ffunction-sections -ffat-lto-objects -O0 -c Generated_Source\PSoC4\I2CM_scl.c -o .\CortexM0\ARM_GCC_541\Debug\I2CM_scl.o
arm-none-eabi-gcc.exe -mcpu=cortex-m0 -mthumb -I. -IGenerated_Source\PSoC4 -Wa,-alh=.\CortexM0\ARM_GCC_541\Debug/I2CM_scl_PM.lst -g -D DEBUG -Wall -ffunction-sections -ffat-lto-objects -O0 -c Generated_Source\PSoC4\I2CM_scl_PM.c -o .\CortexM0\ARM_GCC_541\Debug\I2CM_scl_PM.o
arm-none-eabi-gcc.exe -mcpu=cortex-m0 -mthumb -I. -IGenerated_Source\PSoC4 -Wa,-alh=.\CortexM0\ARM_GCC_541\Debug/I2CM_SCB_IRQ.lst -g -D DEBUG -Wall -ffunction-sections -ffat-lto-objects -O0 -c Generated_Source\PSoC4\I2CM_SCB_IRQ.c -o .\CortexM0\ARM_GCC_541\Debug\I2CM_SCB_IRQ.o
arm-none-eabi-gcc.exe -mcpu=cortex-m0 -mthumb -I. -IGenerated_Source\PSoC4 -Wa,-alh=.\CortexM0\ARM_GCC_541\Debug/Cm0Start.lst -g -D DEBUG -Wall -ffunction-sections -ffat-lto-objects -O0 -c Generated_Source\PSoC4\Cm0Start.c -o .\CortexM0\ARM_GCC_541\Debug\Cm0Start.o
arm-none-eabi-gcc.exe -mcpu=cortex-m0 -mthumb -I. -IGenerated_Source\PSoC4 -Wa,-alh=.\CortexM0\ARM_GCC_541\Debug/CyFlash.lst -g -D DEBUG -Wall -ffunction-sections -ffat-lto-objects -O0 -c Generated_Source\PSoC4\CyFlash.c -o .\CortexM0\ARM_GCC_541\Debug\CyFlash.o
arm-none-eabi-gcc.exe -mcpu=cortex-m0 -mthumb -I. -IGenerated_Source\PSoC4 -Wa,-alh=.\CortexM0\ARM_GCC_541\Debug/CyLib.lst -g -D DEBUG -Wall -ffunction-sections -ffat-lto-objects -O0 -c Generated_Source\PSoC4\CyLib.c -o .\CortexM0\ARM_GCC_541\Debug\CyLib.o
arm-none-eabi-gcc.exe -mcpu=cortex-m0 -mthumb -I. -IGenerated_Source\PSoC4 -Wa,-alh=.\CortexM0\ARM_GCC_541\Debug/cyPm.lst -g -D DEBUG -Wall -ffunction-sections -ffat-lto-objects -O0 -c Generated_Source\PSoC4\cyPm.c -o .\CortexM0\ARM_GCC_541\Debug\cyPm.o
arm-none-eabi-gcc.exe -mcpu=cortex-m0 -mthumb -I. -IGenerated_Source\PSoC4 -Wa,-alh=.\CortexM0\ARM_GCC_541\Debug/cyutils.lst -g -D DEBUG -Wall -ffunction-sections -ffat-lto-objects -O0 -c Generated_Source\PSoC4\cyutils.c -o .\CortexM0\ARM_GCC_541\Debug\cyutils.o
arm-none-eabi-gcc.exe -mcpu=cortex-m0 -mthumb -I. -IGenerated_Source\PSoC4 -Wa,-alh=.\CortexM0\ARM_GCC_541\Debug/CyLFClk.lst -g -D DEBUG -Wall -ffunction-sections -ffat-lto-objects -O0 -c Generated_Source\PSoC4\CyLFClk.c -o .\CortexM0\ARM_GCC_541\Debug\CyLFClk.o
arm-none-eabi-gcc.exe -mcpu=cortex-m0 -mthumb -I. -IGenerated_Source\PSoC4 -Wa,-alh=.\CortexM0\ARM_GCC_541\Debug/StripLights.lst -g -D DEBUG -Wall -ffunction-sections -ffat-lto-objects -O0 -c Generated_Source\PSoC4\StripLights.c -o .\CortexM0\ARM_GCC_541\Debug\StripLights.o
arm-none-eabi-gcc.exe -mcpu=cortex-m0 -mthumb -I. -IGenerated_Source\PSoC4 -Wa,-alh=.\CortexM0\ARM_GCC_541\Debug/StripLights_fonts.lst -g -D DEBUG -Wall -ffunction-sections -ffat-lto-objects -O0 -c Generated_Source\PSoC4\StripLights_fonts.c -o .\CortexM0\ARM_GCC_541\Debug\StripLights_fonts.o
arm-none-eabi-gcc.exe -mcpu=cortex-m0 -mthumb -I. -IGenerated_Source\PSoC4 -Wa,-alh=.\CortexM0\ARM_GCC_541\Debug/LED_0.lst -g -D DEBUG -Wall -ffunction-sections -ffat-lto-objects -O0 -c Generated_Source\PSoC4\LED_0.c -o .\CortexM0\ARM_GCC_541\Debug\LED_0.o
arm-none-eabi-gcc.exe -mcpu=cortex-m0 -mthumb -I. -IGenerated_Source\PSoC4 -Wa,-alh=.\CortexM0\ARM_GCC_541\Debug/LED_0_PM.lst -g -D DEBUG -Wall -ffunction-sections -ffat-lto-objects -O0 -c Generated_Source\PSoC4\LED_0_PM.c -o .\CortexM0\ARM_GCC_541\Debug\LED_0_PM.o
arm-none-eabi-gcc.exe -mcpu=cortex-m0 -mthumb -I. -IGenerated_Source\PSoC4 -Wa,-alh=.\CortexM0\ARM_GCC_541\Debug/LED_1.lst -g -D DEBUG -Wall -ffunction-sections -ffat-lto-objects -O0 -c Generated_Source\PSoC4\LED_1.c -o .\CortexM0\ARM_GCC_541\Debug\LED_1.o
arm-none-eabi-gcc.exe -mcpu=cortex-m0 -mthumb -I. -IGenerated_Source\PSoC4 -Wa,-alh=.\CortexM0\ARM_GCC_541\Debug/LED_1_PM.lst -g -D DEBUG -Wall -ffunction-sections -ffat-lto-objects -O0 -c Generated_Source\PSoC4\LED_1_PM.c -o .\CortexM0\ARM_GCC_541\Debug\LED_1_PM.o
arm-none-eabi-gcc.exe -mcpu=cortex-m0 -mthumb -I. -IGenerated_Source\PSoC4 -Wa,-alh=.\CortexM0\ARM_GCC_541\Debug/LED_2.lst -g -D DEBUG -Wall -ffunction-sections -ffat-lto-objects -O0 -c Generated_Source\PSoC4\LED_2.c -o .\CortexM0\ARM_GCC_541\Debug\LED_2.o
arm-none-eabi-gcc.exe -mcpu=cortex-m0 -mthumb -I. -IGenerated_Source\PSoC4 -Wa,-alh=.\CortexM0\ARM_GCC_541\Debug/LED_2_PM.lst -g -D DEBUG -Wall -ffunction-sections -ffat-lto-objects -O0 -c Generated_Source\PSoC4\LED_2_PM.c -o .\CortexM0\ARM_GCC_541\Debug\LED_2_PM.o
arm-none-eabi-gcc.exe -mcpu=cortex-m0 -mthumb -I. -IGenerated_Source\PSoC4 -Wa,-alh=.\CortexM0\ARM_GCC_541\Debug/StripLights_HFCLK.lst -g -D DEBUG -Wall -ffunction-sections -ffat-lto-objects -O0 -c Generated_Source\PSoC4\StripLights_HFCLK.c -o .\CortexM0\ARM_GCC_541\Debug\StripLights_HFCLK.o
arm-none-eabi-gcc.exe -mcpu=cortex-m0 -mthumb -I. -IGenerated_Source\PSoC4 -Wa,-alh=.\CortexM0\ARM_GCC_541\Debug/StripLights_cisr.lst -g -D DEBUG -Wall -ffunction-sections -ffat-lto-objects -O0 -c Generated_Source\PSoC4\StripLights_cisr.c -o .\CortexM0\ARM_GCC_541\Debug\StripLights_cisr.o
arm-none-eabi-gcc.exe -mcpu=cortex-m0 -mthumb -I. -IGenerated_Source\PSoC4 -Wa,-alh=.\CortexM0\ARM_GCC_541\Debug/StripLights_fisr.lst -g -D DEBUG -Wall -ffunction-sections -ffat-lto-objects -O0 -c Generated_Source\PSoC4\StripLights_fisr.c -o .\CortexM0\ARM_GCC_541\Debug\StripLights_fisr.o
arm-none-eabi-gcc.exe -mcpu=cortex-m0 -mthumb -I. -IGenerated_Source\PSoC4 -Wa,-alh=.\CortexM0\ARM_GCC_541\Debug/StripLights_StringSel.lst -g -D DEBUG -Wall -ffunction-sections -ffat-lto-objects -O0 -c Generated_Source\PSoC4\StripLights_StringSel.c -o .\CortexM0\ARM_GCC_541\Debug\StripLights_StringSel.o
arm-none-eabi-gcc.exe -mcpu=cortex-m0 -mthumb -I. -IGenerated_Source\PSoC4 -Wa,-alh=.\CortexM0\ARM_GCC_541\Debug/StripLights_StringSel_PM.lst -g -D DEBUG -Wall -ffunction-sections -ffat-lto-objects -O0 -c Generated_Source\PSoC4\StripLights_StringSel_PM.c -o .\CortexM0\ARM_GCC_541\Debug\StripLights_StringSel_PM.o
arm-none-eabi-as.exe -mcpu=cortex-m0 -mthumb -I. -IGenerated_Source\PSoC4 -alh=.\CortexM0\ARM_GCC_541\Debug/CyBootAsmGnu.lst -g -o .\CortexM0\ARM_GCC_541\Debug\CyBootAsmGnu.o Generated_Source\PSoC4\CyBootAsmGnu.s
arm-none-eabi-ar.exe -rs .\CortexM0\ARM_GCC_541\Debug\SCB_I2cCommMaster01.a .\CortexM0\ARM_GCC_541\Debug\I2CM.o .\CortexM0\ARM_GCC_541\Debug\I2CM_I2C_INT.o .\CortexM0\ARM_GCC_541\Debug\I2CM_I2C.o .\CortexM0\ARM_GCC_541\Debug\I2CM_I2C_BOOT.o .\CortexM0\ARM_GCC_541\Debug\I2CM_I2C_MASTER.o .\CortexM0\ARM_GCC_541\Debug\I2CM_PM.o .\CortexM0\ARM_GCC_541\Debug\I2CM_BOOT.o .\CortexM0\ARM_GCC_541\Debug\LED_RED.o .\CortexM0\ARM_GCC_541\Debug\LED_RED_PM.o .\CortexM0\ARM_GCC_541\Debug\LED_GREEN.o .\CortexM0\ARM_GCC_541\Debug\LED_GREEN_PM.o .\CortexM0\ARM_GCC_541\Debug\I2CM_SCBCLK.o .\CortexM0\ARM_GCC_541\Debug\I2CM_sda.o .\CortexM0\ARM_GCC_541\Debug\I2CM_sda_PM.o .\CortexM0\ARM_GCC_541\Debug\I2CM_scl.o .\CortexM0\ARM_GCC_541\Debug\I2CM_scl_PM.o .\CortexM0\ARM_GCC_541\Debug\I2CM_SCB_IRQ.o .\CortexM0\ARM_GCC_541\Debug\CyFlash.o .\CortexM0\ARM_GCC_541\Debug\CyLib.o .\CortexM0\ARM_GCC_541\Debug\cyPm.o .\CortexM0\ARM_GCC_541\Debug\cyutils.o .\CortexM0\ARM_GCC_541\Debug\CyLFClk.o .\CortexM0\ARM_GCC_541\Debug\StripLights.o .\CortexM0\ARM_GCC_541\Debug\StripLights_fonts.o .\CortexM0\ARM_GCC_541\Debug\LED_0.o .\CortexM0\ARM_GCC_541\Debug\LED_0_PM.o .\CortexM0\ARM_GCC_541\Debug\LED_1.o .\CortexM0\ARM_GCC_541\Debug\LED_1_PM.o .\CortexM0\ARM_GCC_541\Debug\LED_2.o .\CortexM0\ARM_GCC_541\Debug\LED_2_PM.o .\CortexM0\ARM_GCC_541\Debug\StripLights_HFCLK.o .\CortexM0\ARM_GCC_541\Debug\StripLights_cisr.o .\CortexM0\ARM_GCC_541\Debug\StripLights_fisr.o .\CortexM0\ARM_GCC_541\Debug\StripLights_StringSel.o .\CortexM0\ARM_GCC_541\Debug\StripLights_StringSel_PM.o .\CortexM0\ARM_GCC_541\Debug\CyBootAsmGnu.o
arm-none-eabi-ar.exe: creating .\CortexM0\ARM_GCC_541\Debug\SCB_I2cCommMaster01.a
arm-none-eabi-gcc.exe -Wl,--start-group -o "C:\Users\willy\Documents\#UC Davis#\EEC 198 GAMECUBE\PSoC_4\PSoC_4_MasterCom\SCB_I2cCommMaster01.cydsn\CortexM0\ARM_GCC_541\Debug\SCB_I2cCommMaster01.elf" .\CortexM0\ARM_GCC_541\Debug\main.o .\CortexM0\ARM_GCC_541\Debug\cyfitter_cfg.o .\CortexM0\ARM_GCC_541\Debug\cymetadata.o .\CortexM0\ARM_GCC_541\Debug\Cm0Start.o .\CortexM0\ARM_GCC_541\Debug\SCB_I2cCommMaster01.a "C:\Program Files (x86)\Cypress\PSoC Creator\4.1\PSoC Creator\psoc\content\cycomponentlibrary\CyComponentLibrary.cylib\CortexM0\ARM_GCC_541\Debug\CyComponentLibrary.a" -mcpu=cortex-m0 -mthumb -l m -L Generated_Source\PSoC4 -Wl,-Map,.\CortexM0\ARM_GCC_541\Debug/SCB_I2cCommMaster01.map -T Generated_Source\PSoC4\cm0gcc.ld -specs=nano.specs -Wl,--gc-sections -g -ffunction-sections -O0 -ffat-lto-objects -Wl,--end-group
cyelftool.exe -C "C:\Users\willy\Documents\#UC Davis#\EEC 198 GAMECUBE\PSoC_4\PSoC_4_MasterCom\SCB_I2cCommMaster01.cydsn\CortexM0\ARM_GCC_541\Debug\SCB_I2cCommMaster01.elf" --flash_row_size 128 --flash_size 32768 --flash_offset 0x00000000
cyelftool.exe -S "C:\Users\willy\Documents\#UC Davis#\EEC 198 GAMECUBE\PSoC_4\PSoC_4_MasterCom\SCB_I2cCommMaster01.cydsn\CortexM0\ARM_GCC_541\Debug\SCB_I2cCommMaster01.elf"
Flash used: 15190 of 32768 bytes (46.4%).
SRAM used: 3892 of 4096 bytes (95.0%). Stack: 512 bytes. Heap: 128 bytes.
--------------- Rebuild Succeeded: 04/28/2018 12:22:55 ---------------
